#
# There is insufficient memory for the Java Runtime Environment to continue.
# Native memory allocation (malloc) failed to allocate 1432656 bytes for Chunk::new
# Possible reasons:
#   The system is out of physical RAM or swap space
#   The process is running with CompressedOops enabled, and the Java Heap may be blocking the growth of the native heap
# Possible solutions:
#   Reduce memory load on the system
#   Increase physical memory or swap space
#   Check if swap backing store is full
#   Decrease Java heap size (-Xmx/-Xms)
#   Decrease number of Java threads
#   Decrease Java thread stack sizes (-Xss)
#   Set larger code cache with -XX:ReservedCodeCacheSize=
#   JVM is running with Unscaled Compressed Oops mode in which the Java heap is
#     placed in the first 4GB address space. The Java Heap base address is the
#     maximum limit for the native heap growth. Please use -XX:HeapBaseMinAddress
#     to set the Java Heap base and to place the Java Heap above 4GB virtual address.
# This output file may be truncated or incomplete.
#
#  Out of Memory Error (arena.cpp:189), pid=20436, tid=20800
#
# JRE version: OpenJDK Runtime Environment (17.0.7) (build 17.0.7+0-b2043.56-10550314)
# Java VM: OpenJDK 64-Bit Server VM (17.0.7+0-b2043.56-10550314, mixed mode, tiered, compressed oops, compressed class ptrs, g1 gc, windows-amd64)
# No core dump will be written. Minidumps are not enabled by default on client versions of Windows
#

---------------  S U M M A R Y ------------

Command Line: org.jetbrains.kotlin.cli.jvm.K2JVMCompiler @C:\Users\murat\AndroidStudioProjects\LunarGaze\app\build\20240310_4706065359770245821.compiler.options

Host: AMD Ryzen 5 3500U with Radeon Vega Mobile Gfx  , 8 cores, 6G,  Windows 11 , 64 bit Build 22621 (10.0.22621.3085)
Time: Sun Mar 10 23:00:52 2024 Turkey Standard Time elapsed time: 15.932546 seconds (0d 0h 0m 15s)

---------------  T H R E A D  ---------------

Current thread (0x0000023007472070):  JavaThread "C2 CompilerThread1" daemon [_thread_in_native, id=20800, stack(0x000000b1c3300000,0x000000b1c3400000)]


Current CompileTask:
C2:  15933 8302       4       org.jetbrains.kotlin.parsing.KotlinExpressionParsing$Precedence::parseHigherPrecedence (30 bytes)

Stack: [0x000000b1c3300000,0x000000b1c3400000]
Native frames: (J=compiled Java code, j=interpreted, Vv=VM code, C=native code)
V  [jvm.dll+0x683bfa]
V  [jvm.dll+0x8430a4]
V  [jvm.dll+0x8449be]
V  [jvm.dll+0x845023]
V  [jvm.dll+0x24ad2f]
V  [jvm.dll+0xac25c]
V  [jvm.dll+0xac82c]
V  [jvm.dll+0x36a132]
V  [jvm.dll+0x1bdf52]
V  [jvm.dll+0x21d3a9]
V  [jvm.dll+0x21c671]
V  [jvm.dll+0x1a605d]
V  [jvm.dll+0x22c148]
V  [jvm.dll+0x22a209]
V  [jvm.dll+0x7f858c]
V  [jvm.dll+0x7f2aea]
V  [jvm.dll+0x682a35]
C  [ucrtbase.dll+0x29363]
C  [KERNEL32.DLL+0x1257d]
C  [ntdll.dll+0x5aa58]


---------------  P R O C E S S  ---------------

Threads class SMR info:
_java_thread_list=0x00000230068e3730, length=14, elements={
0x000002306756d540, 0x0000023000a5af50, 0x0000023000a5bdc0, 0x0000023005028fe0,
0x000002300502bd70, 0x000002300502f650, 0x000002300502ff10, 0x0000023005030bb0,
0x000002300503de80, 0x000002300503e780, 0x0000023005195420, 0x00000230051a5770,
0x0000023007472070, 0x00000230059daa80
}

Java Threads: ( => current thread )
  0x000002306756d540 JavaThread "main" [_thread_in_Java, id=2120, stack(0x000000b1c1800000,0x000000b1c1900000)]
  0x0000023000a5af50 JavaThread "Reference Handler" daemon [_thread_blocked, id=3532, stack(0x000000b1c1f00000,0x000000b1c2000000)]
  0x0000023000a5bdc0 JavaThread "Finalizer" daemon [_thread_blocked, id=10608, stack(0x000000b1c2000000,0x000000b1c2100000)]
  0x0000023005028fe0 JavaThread "Signal Dispatcher" daemon [_thread_blocked, id=12744, stack(0x000000b1c2100000,0x000000b1c2200000)]
  0x000002300502bd70 JavaThread "Attach Listener" daemon [_thread_blocked, id=1056, stack(0x000000b1c2200000,0x000000b1c2300000)]
  0x000002300502f650 JavaThread "Service Thread" daemon [_thread_blocked, id=16224, stack(0x000000b1c2300000,0x000000b1c2400000)]
  0x000002300502ff10 JavaThread "Monitor Deflation Thread" daemon [_thread_blocked, id=2320, stack(0x000000b1c2400000,0x000000b1c2500000)]
  0x0000023005030bb0 JavaThread "C2 CompilerThread0" daemon [_thread_in_native, id=16660, stack(0x000000b1c2500000,0x000000b1c2600000)]
  0x000002300503de80 JavaThread "C1 CompilerThread0" daemon [_thread_in_native, id=19436, stack(0x000000b1c2600000,0x000000b1c2700000)]
  0x000002300503e780 JavaThread "Sweeper thread" daemon [_thread_blocked, id=10348, stack(0x000000b1c2700000,0x000000b1c2800000)]
  0x0000023005195420 JavaThread "Notification Thread" daemon [_thread_blocked, id=3148, stack(0x000000b1c2800000,0x000000b1c2900000)]
  0x00000230051a5770 JavaThread "Common-Cleaner" daemon [_thread_blocked, id=15828, stack(0x000000b1c2a00000,0x000000b1c2b00000)]
=>0x0000023007472070 JavaThread "C2 CompilerThread1" daemon [_thread_in_native, id=20800, stack(0x000000b1c3300000,0x000000b1c3400000)]
  0x00000230059daa80 JavaThread "C2 CompilerThread2" daemon [_thread_in_native, id=11244, stack(0x000000b1c3400000,0x000000b1c3500000)]

Other Threads:
  0x0000023000a43a10 VMThread "VM Thread" [stack: 0x000000b1c1e00000,0x000000b1c1f00000] [id=23476]
  0x00000230675e2640 WatcherThread [stack: 0x000000b1c2900000,0x000000b1c2a00000] [id=1436]
  0x00000230675c27a0 GCTaskThread "GC Thread#0" [stack: 0x000000b1c1900000,0x000000b1c1a00000] [id=11400]
  0x00000230056896a0 GCTaskThread "GC Thread#1" [stack: 0x000000b1c2c00000,0x000000b1c2d00000] [id=20752]
  0x00000230056c9000 GCTaskThread "GC Thread#2" [stack: 0x000000b1c2d00000,0x000000b1c2e00000] [id=3916]
  0x00000230056c92b0 GCTaskThread "GC Thread#3" [stack: 0x000000b1c2e00000,0x000000b1c2f00000] [id=2852]
  0x00000230056c9560 GCTaskThread "GC Thread#4" [stack: 0x000000b1c2f00000,0x000000b1c3000000] [id=11096]
  0x0000023005a84230 GCTaskThread "GC Thread#5" [stack: 0x000000b1c2b00000,0x000000b1c2c00000] [id=17688]
  0x0000023005a844e0 GCTaskThread "GC Thread#6" [stack: 0x000000b1c3000000,0x000000b1c3100000] [id=12000]
  0x0000023005a834c0 GCTaskThread "GC Thread#7" [stack: 0x000000b1c3100000,0x000000b1c3200000] [id=23788]
  0x00000230675d14e0 ConcurrentGCThread "G1 Main Marker" [stack: 0x000000b1c1a00000,0x000000b1c1b00000] [id=10664]
  0x00000230675d2690 ConcurrentGCThread "G1 Conc#0" [stack: 0x000000b1c1b00000,0x000000b1c1c00000] [id=23136]
  0x0000023005a82a00 ConcurrentGCThread "G1 Conc#1" [stack: 0x000000b1c3200000,0x000000b1c3300000] [id=17392]
  0x00000230008a20b0 ConcurrentGCThread "G1 Refine#0" [stack: 0x000000b1c1c00000,0x000000b1c1d00000] [id=23620]
  0x0000023007f2a840 ConcurrentGCThread "G1 Refine#1" [stack: 0x000000b1c3500000,0x000000b1c3600000] [id=10236]
  0x0000023007f2b980 ConcurrentGCThread "G1 Refine#2" [stack: 0x000000b1c3600000,0x000000b1c3700000] [id=22012]
  0x00000230008a2ad0 ConcurrentGCThread "G1 Service" [stack: 0x000000b1c1d00000,0x000000b1c1e00000] [id=14764]

Threads with active compile tasks:
C2 CompilerThread0    15989 8304       4       org.jetbrains.kotlin.parsing.KotlinExpressionParsing::parseBinaryExpression (70 bytes)
C2 CompilerThread1    15989 8302       4       org.jetbrains.kotlin.parsing.KotlinExpressionParsing$Precedence::parseHigherPrecedence (30 bytes)
C2 CompilerThread2    15989 8381       4       org.jetbrains.kotlin.parsing.AbstractKotlinParsing::atSet (113 bytes)

VM state: not at safepoint (normal execution)

VM Mutex/Monitor currently owned by a thread: None

Heap address: 0x0000000091000000, size: 1776 MB, Compressed Oops mode: 32-bit

CDS archive(s) not mapped
Compressed class space mapped at: 0x0000000100000000-0x0000000140000000, reserved size: 1073741824
Narrow klass base: 0x0000000000000000, Narrow klass shift: 3, Narrow klass range: 0x140000000

GC Precious Log:
 CPUs: 8 total, 8 available
 Memory: 7103M
 Large Page Support: Disabled
 NUMA Support: Disabled
 Compressed Oops: Enabled (32-bit)
 Heap Region Size: 1M
 Heap Min Capacity: 8M
 Heap Initial Capacity: 112M
 Heap Max Capacity: 1776M
 Pre-touch: Disabled
 Parallel Workers: 8
 Concurrent Workers: 2
 Concurrent Refinement Workers: 8
 Periodic GC: Disabled

Heap:
 garbage-first heap   total 128000K, used 63153K [0x0000000091000000, 0x0000000100000000)
  region size 1024K, 5 young (5120K), 1 survivors (1024K)
 Metaspace       used 64256K, committed 64576K, reserved 1114112K
  class space    used 7651K, committed 7808K, reserved 1048576K

Heap Regions: E=young(eden), S=young(survivor), O=old, HS=humongous(starts), HC=humongous(continues), CS=collection set, F=free, OA=open archive, CA=closed archive, TAMS=top-at-mark-start (previous, next)
|   0|0x0000000091000000, 0x0000000091100000, 0x0000000091100000|100%|HS|  |TAMS 0x0000000091100000, 0x0000000091000000| Complete 
|   1|0x0000000091100000, 0x0000000091200000, 0x0000000091200000|100%|HC|  |TAMS 0x0000000091200000, 0x0000000091100000| Complete 
|   2|0x0000000091200000, 0x0000000091300000, 0x0000000091300000|100%|HC|  |TAMS 0x0000000091300000, 0x0000000091200000| Complete 
|   3|0x0000000091300000, 0x0000000091400000, 0x0000000091400000|100%|HC|  |TAMS 0x0000000091400000, 0x0000000091300000| Complete 
|   4|0x0000000091400000, 0x0000000091500000, 0x0000000091500000|100%| O|  |TAMS 0x0000000091500000, 0x0000000091400000| Untracked 
|   5|0x0000000091500000, 0x0000000091600000, 0x0000000091600000|100%| O|  |TAMS 0x0000000091600000, 0x0000000091500000| Untracked 
|   6|0x0000000091600000, 0x0000000091700000, 0x0000000091700000|100%| O|  |TAMS 0x0000000091700000, 0x0000000091600000| Untracked 
|   7|0x0000000091700000, 0x0000000091800000, 0x0000000091800000|100%| O|  |TAMS 0x0000000091800000, 0x0000000091700000| Untracked 
|   8|0x0000000091800000, 0x0000000091800000, 0x0000000091900000|  0%| F|  |TAMS 0x0000000091800000, 0x0000000091800000| Untracked 
|   9|0x0000000091900000, 0x0000000091a00000, 0x0000000091a00000|100%| O|  |TAMS 0x0000000091a00000, 0x0000000091900000| Untracked 
|  10|0x0000000091a00000, 0x0000000091b00000, 0x0000000091b00000|100%| O|  |TAMS 0x0000000091b00000, 0x0000000091a00000| Untracked 
|  11|0x0000000091b00000, 0x0000000091c00000, 0x0000000091c00000|100%| O|  |TAMS 0x0000000091c00000, 0x0000000091b00000| Untracked 
|  12|0x0000000091c00000, 0x0000000091d00000, 0x0000000091d00000|100%| O|  |TAMS 0x0000000091d00000, 0x0000000091c00000| Untracked 
|  13|0x0000000091d00000, 0x0000000091e00000, 0x0000000091e00000|100%| O|  |TAMS 0x0000000091e00000, 0x0000000091d00000| Untracked 
|  14|0x0000000091e00000, 0x0000000091f00000, 0x0000000091f00000|100%| O|  |TAMS 0x0000000091f00000, 0x0000000091e00000| Untracked 
|  15|0x0000000091f00000, 0x0000000092000000, 0x0000000092000000|100%| O|  |TAMS 0x0000000092000000, 0x0000000091f00000| Untracked 
|  16|0x0000000092000000, 0x0000000092100000, 0x0000000092100000|100%| O|  |TAMS 0x0000000092100000, 0x0000000092000000| Untracked 
|  17|0x0000000092100000, 0x0000000092200000, 0x0000000092200000|100%| O|  |TAMS 0x0000000092200000, 0x0000000092100000| Untracked 
|  18|0x0000000092200000, 0x0000000092300000, 0x0000000092300000|100%| O|  |TAMS 0x0000000092300000, 0x0000000092200000| Untracked 
|  19|0x0000000092300000, 0x0000000092400000, 0x0000000092400000|100%| O|  |TAMS 0x0000000092400000, 0x0000000092300000| Untracked 
|  20|0x0000000092400000, 0x0000000092500000, 0x0000000092500000|100%| O|  |TAMS 0x0000000092500000, 0x0000000092400000| Untracked 
|  21|0x0000000092500000, 0x0000000092600000, 0x0000000092600000|100%| O|  |TAMS 0x0000000092600000, 0x0000000092500000| Untracked 
|  22|0x0000000092600000, 0x0000000092700000, 0x0000000092700000|100%| O|  |TAMS 0x0000000092700000, 0x0000000092600000| Untracked 
|  23|0x0000000092700000, 0x0000000092800000, 0x0000000092800000|100%|HS|  |TAMS 0x0000000092800000, 0x0000000092700000| Complete 
|  24|0x0000000092800000, 0x0000000092900000, 0x0000000092900000|100%|HC|  |TAMS 0x0000000092900000, 0x0000000092800000| Complete 
|  25|0x0000000092900000, 0x0000000092a00000, 0x0000000092a00000|100%| O|  |TAMS 0x0000000092a00000, 0x0000000092900000| Untracked 
|  26|0x0000000092a00000, 0x0000000092b00000, 0x0000000092b00000|100%| O|  |TAMS 0x0000000092b00000, 0x0000000092a00000| Untracked 
|  27|0x0000000092b00000, 0x0000000092c00000, 0x0000000092c00000|100%| O|  |TAMS 0x0000000092c00000, 0x0000000092b00000| Untracked 
|  28|0x0000000092c00000, 0x0000000092d00000, 0x0000000092d00000|100%| O|  |TAMS 0x0000000092d00000, 0x0000000092c00000| Untracked 
|  29|0x0000000092d00000, 0x0000000092e00000, 0x0000000092e00000|100%| O|  |TAMS 0x0000000092e00000, 0x0000000092d00000| Untracked 
|  30|0x0000000092e00000, 0x0000000092f00000, 0x0000000092f00000|100%| O|  |TAMS 0x0000000092f00000, 0x0000000092e00000| Untracked 
|  31|0x0000000092f00000, 0x0000000093000000, 0x0000000093000000|100%| O|  |TAMS 0x0000000093000000, 0x0000000092f00000| Untracked 
|  32|0x0000000093000000, 0x0000000093100000, 0x0000000093100000|100%| O|  |TAMS 0x0000000093100000, 0x0000000093000000| Untracked 
|  33|0x0000000093100000, 0x0000000093200000, 0x0000000093200000|100%| O|  |TAMS 0x0000000093200000, 0x0000000093100000| Untracked 
|  34|0x0000000093200000, 0x0000000093300000, 0x0000000093300000|100%| O|  |TAMS 0x0000000093300000, 0x0000000093200000| Untracked 
|  35|0x0000000093300000, 0x0000000093400000, 0x0000000093400000|100%| O|  |TAMS 0x0000000093400000, 0x0000000093300000| Untracked 
|  36|0x0000000093400000, 0x0000000093500000, 0x0000000093500000|100%| O|  |TAMS 0x0000000093500000, 0x0000000093400000| Untracked 
|  37|0x0000000093500000, 0x0000000093600000, 0x0000000093600000|100%| O|  |TAMS 0x0000000093600000, 0x0000000093500000| Untracked 
|  38|0x0000000093600000, 0x0000000093700000, 0x0000000093700000|100%| O|  |TAMS 0x0000000093700000, 0x0000000093600000| Untracked 
|  39|0x0000000093700000, 0x0000000093800000, 0x0000000093800000|100%| O|  |TAMS 0x0000000093800000, 0x0000000093700000| Untracked 
|  40|0x0000000093800000, 0x0000000093900000, 0x0000000093900000|100%| O|  |TAMS 0x0000000093900000, 0x0000000093800000| Untracked 
|  41|0x0000000093900000, 0x0000000093a00000, 0x0000000093a00000|100%| O|  |TAMS 0x0000000093a00000, 0x0000000093900000| Untracked 
|  42|0x0000000093a00000, 0x0000000093b00000, 0x0000000093b00000|100%| O|  |TAMS 0x0000000093b00000, 0x0000000093a00000| Untracked 
|  43|0x0000000093b00000, 0x0000000093c00000, 0x0000000093c00000|100%| O|  |TAMS 0x0000000093c00000, 0x0000000093b00000| Untracked 
|  44|0x0000000093c00000, 0x0000000093d00000, 0x0000000093d00000|100%| O|  |TAMS 0x0000000093d00000, 0x0000000093c00000| Untracked 
|  45|0x0000000093d00000, 0x0000000093e00000, 0x0000000093e00000|100%| O|  |TAMS 0x0000000093e00000, 0x0000000093d00000| Untracked 
|  46|0x0000000093e00000, 0x0000000093f00000, 0x0000000093f00000|100%| O|  |TAMS 0x0000000093f00000, 0x0000000093e00000| Untracked 
|  47|0x0000000093f00000, 0x0000000094000000, 0x0000000094000000|100%| O|  |TAMS 0x0000000094000000, 0x0000000093f00000| Untracked 
|  48|0x0000000094000000, 0x0000000094100000, 0x0000000094100000|100%| O|  |TAMS 0x0000000094080000, 0x0000000094000000| Untracked 
|  49|0x0000000094100000, 0x0000000094200000, 0x0000000094200000|100%| O|  |TAMS 0x0000000094100000, 0x0000000094100000| Untracked 
|  50|0x0000000094200000, 0x0000000094300000, 0x0000000094300000|100%| O|  |TAMS 0x0000000094200000, 0x0000000094200000| Untracked 
|  51|0x0000000094300000, 0x0000000094400000, 0x0000000094400000|100%| O|  |TAMS 0x0000000094300000, 0x0000000094300000| Untracked 
|  52|0x0000000094400000, 0x0000000094500000, 0x0000000094500000|100%| O|  |TAMS 0x0000000094400000, 0x0000000094400000| Untracked 
|  53|0x0000000094500000, 0x0000000094600000, 0x0000000094600000|100%| O|  |TAMS 0x0000000094500000, 0x0000000094500000| Untracked 
|  54|0x0000000094600000, 0x0000000094700000, 0x0000000094700000|100%| O|  |TAMS 0x0000000094600000, 0x0000000094600000| Untracked 
|  55|0x0000000094700000, 0x0000000094800000, 0x0000000094800000|100%| O|  |TAMS 0x0000000094700000, 0x0000000094700000| Untracked 
|  56|0x0000000094800000, 0x0000000094900000, 0x0000000094900000|100%| O|  |TAMS 0x0000000094800000, 0x0000000094800000| Untracked 
|  57|0x0000000094900000, 0x0000000094a00000, 0x0000000094a00000|100%| O|  |TAMS 0x0000000094900000, 0x0000000094900000| Untracked 
|  58|0x0000000094a00000, 0x0000000094ae5600, 0x0000000094b00000| 89%| O|  |TAMS 0x0000000094a00000, 0x0000000094a00000| Untracked 
|  59|0x0000000094b00000, 0x0000000094b00000, 0x0000000094c00000|  0%| F|  |TAMS 0x0000000094b00000, 0x0000000094b00000| Untracked 
|  60|0x0000000094c00000, 0x0000000094c00000, 0x0000000094d00000|  0%| F|  |TAMS 0x0000000094c00000, 0x0000000094c00000| Untracked 
|  61|0x0000000094d00000, 0x0000000094d00000, 0x0000000094e00000|  0%| F|  |TAMS 0x0000000094d00000, 0x0000000094d00000| Untracked 
|  62|0x0000000094e00000, 0x0000000094e00000, 0x0000000094f00000|  0%| F|  |TAMS 0x0000000094e00000, 0x0000000094e00000| Untracked 
|  63|0x0000000094f00000, 0x0000000094f00000, 0x0000000095000000|  0%| F|  |TAMS 0x0000000094f00000, 0x0000000094f00000| Untracked 
|  64|0x0000000095000000, 0x0000000095000000, 0x0000000095100000|  0%| F|  |TAMS 0x0000000095000000, 0x0000000095000000| Untracked 
|  65|0x0000000095100000, 0x0000000095100000, 0x0000000095200000|  0%| F|  |TAMS 0x0000000095100000, 0x0000000095100000| Untracked 
|  66|0x0000000095200000, 0x0000000095200000, 0x0000000095300000|  0%| F|  |TAMS 0x0000000095200000, 0x0000000095200000| Untracked 
|  67|0x0000000095300000, 0x0000000095300000, 0x0000000095400000|  0%| F|  |TAMS 0x0000000095300000, 0x0000000095300000| Untracked 
|  68|0x0000000095400000, 0x0000000095400000, 0x0000000095500000|  0%| F|  |TAMS 0x0000000095400000, 0x0000000095400000| Untracked 
|  69|0x0000000095500000, 0x0000000095500000, 0x0000000095600000|  0%| F|  |TAMS 0x0000000095500000, 0x0000000095500000| Untracked 
|  70|0x0000000095600000, 0x0000000095600000, 0x0000000095700000|  0%| F|  |TAMS 0x0000000095600000, 0x0000000095600000| Untracked 
|  71|0x0000000095700000, 0x0000000095700000, 0x0000000095800000|  0%| F|  |TAMS 0x0000000095700000, 0x0000000095700000| Untracked 
|  72|0x0000000095800000, 0x0000000095800000, 0x0000000095900000|  0%| F|  |TAMS 0x0000000095800000, 0x0000000095800000| Untracked 
|  73|0x0000000095900000, 0x0000000095900000, 0x0000000095a00000|  0%| F|  |TAMS 0x0000000095900000, 0x0000000095900000| Untracked 
|  74|0x0000000095a00000, 0x0000000095a00000, 0x0000000095b00000|  0%| F|  |TAMS 0x0000000095a00000, 0x0000000095a00000| Untracked 
|  75|0x0000000095b00000, 0x0000000095b00000, 0x0000000095c00000|  0%| F|  |TAMS 0x0000000095b00000, 0x0000000095b00000| Untracked 
|  76|0x0000000095c00000, 0x0000000095c00000, 0x0000000095d00000|  0%| F|  |TAMS 0x0000000095c00000, 0x0000000095c00000| Untracked 
|  77|0x0000000095d00000, 0x0000000095d00000, 0x0000000095e00000|  0%| F|  |TAMS 0x0000000095d00000, 0x0000000095d00000| Untracked 
|  78|0x0000000095e00000, 0x0000000095e00000, 0x0000000095f00000|  0%| F|  |TAMS 0x0000000095e00000, 0x0000000095e00000| Untracked 
|  79|0x0000000095f00000, 0x0000000095f00000, 0x0000000096000000|  0%| F|  |TAMS 0x0000000095f00000, 0x0000000095f00000| Untracked 
|  80|0x0000000096000000, 0x0000000096000000, 0x0000000096100000|  0%| F|  |TAMS 0x0000000096000000, 0x0000000096000000| Untracked 
|  81|0x0000000096100000, 0x0000000096100000, 0x0000000096200000|  0%| F|  |TAMS 0x0000000096100000, 0x0000000096100000| Untracked 
|  82|0x0000000096200000, 0x0000000096200000, 0x0000000096300000|  0%| F|  |TAMS 0x0000000096200000, 0x0000000096200000| Untracked 
|  83|0x0000000096300000, 0x0000000096300000, 0x0000000096400000|  0%| F|  |TAMS 0x0000000096300000, 0x0000000096300000| Untracked 
|  84|0x0000000096400000, 0x0000000096400000, 0x0000000096500000|  0%| F|  |TAMS 0x0000000096400000, 0x0000000096400000| Untracked 
|  85|0x0000000096500000, 0x0000000096500000, 0x0000000096600000|  0%| F|  |TAMS 0x0000000096500000, 0x0000000096500000| Untracked 
|  86|0x0000000096600000, 0x0000000096600000, 0x0000000096700000|  0%| F|  |TAMS 0x0000000096600000, 0x0000000096600000| Untracked 
|  87|0x0000000096700000, 0x0000000096700000, 0x0000000096800000|  0%| F|  |TAMS 0x0000000096700000, 0x0000000096700000| Untracked 
|  88|0x0000000096800000, 0x0000000096800000, 0x0000000096900000|  0%| F|  |TAMS 0x0000000096800000, 0x0000000096800000| Untracked 
|  89|0x0000000096900000, 0x0000000096900000, 0x0000000096a00000|  0%| F|  |TAMS 0x0000000096900000, 0x0000000096900000| Untracked 
|  90|0x0000000096a00000, 0x0000000096a00000, 0x0000000096b00000|  0%| F|  |TAMS 0x0000000096a00000, 0x0000000096a00000| Untracked 
|  91|0x0000000096b00000, 0x0000000096b00000, 0x0000000096c00000|  0%| F|  |TAMS 0x0000000096b00000, 0x0000000096b00000| Untracked 
|  92|0x0000000096c00000, 0x0000000096c00000, 0x0000000096d00000|  0%| F|  |TAMS 0x0000000096c00000, 0x0000000096c00000| Untracked 
|  93|0x0000000096d00000, 0x0000000096d00000, 0x0000000096e00000|  0%| F|  |TAMS 0x0000000096d00000, 0x0000000096d00000| Untracked 
|  94|0x0000000096e00000, 0x0000000096e00000, 0x0000000096f00000|  0%| F|  |TAMS 0x0000000096e00000, 0x0000000096e00000| Untracked 
|  95|0x0000000096f00000, 0x0000000096f00000, 0x0000000097000000|  0%| F|  |TAMS 0x0000000096f00000, 0x0000000096f00000| Untracked 
|  96|0x0000000097000000, 0x0000000097000000, 0x0000000097100000|  0%| F|  |TAMS 0x0000000097000000, 0x0000000097000000| Untracked 
|  97|0x0000000097100000, 0x0000000097100000, 0x0000000097200000|  0%| F|  |TAMS 0x0000000097100000, 0x0000000097100000| Untracked 
|  98|0x0000000097200000, 0x0000000097200000, 0x0000000097300000|  0%| F|  |TAMS 0x0000000097200000, 0x0000000097200000| Untracked 
|  99|0x0000000097300000, 0x0000000097300000, 0x0000000097400000|  0%| F|  |TAMS 0x0000000097300000, 0x0000000097300000| Untracked 
| 100|0x0000000097400000, 0x0000000097400000, 0x0000000097500000|  0%| F|  |TAMS 0x0000000097400000, 0x0000000097400000| Untracked 
| 101|0x0000000097500000, 0x0000000097500000, 0x0000000097600000|  0%| F|  |TAMS 0x0000000097500000, 0x0000000097500000| Untracked 
| 102|0x0000000097600000, 0x0000000097600000, 0x0000000097700000|  0%| F|  |TAMS 0x0000000097600000, 0x0000000097600000| Untracked 
| 103|0x0000000097700000, 0x0000000097700000, 0x0000000097800000|  0%| F|  |TAMS 0x0000000097700000, 0x0000000097700000| Untracked 
| 104|0x0000000097800000, 0x0000000097800000, 0x0000000097900000|  0%| F|  |TAMS 0x0000000097800000, 0x0000000097800000| Untracked 
| 105|0x0000000097900000, 0x0000000097900000, 0x0000000097a00000|  0%| F|  |TAMS 0x0000000097900000, 0x0000000097900000| Untracked 
| 106|0x0000000097a00000, 0x0000000097a00000, 0x0000000097b00000|  0%| F|  |TAMS 0x0000000097a00000, 0x0000000097a00000| Untracked 
| 107|0x0000000097b00000, 0x0000000097b00000, 0x0000000097c00000|  0%| F|  |TAMS 0x0000000097b00000, 0x0000000097b00000| Untracked 
| 108|0x0000000097c00000, 0x0000000097c00000, 0x0000000097d00000|  0%| F|  |TAMS 0x0000000097c00000, 0x0000000097c00000| Untracked 
| 109|0x0000000097d00000, 0x0000000097d00000, 0x0000000097e00000|  0%| F|  |TAMS 0x0000000097d00000, 0x0000000097d00000| Untracked 
| 110|0x0000000097e00000, 0x0000000097e00000, 0x0000000097f00000|  0%| F|  |TAMS 0x0000000097e00000, 0x0000000097e00000| Untracked 
| 111|0x0000000097f00000, 0x0000000097f00000, 0x0000000098000000|  0%| F|  |TAMS 0x0000000097f00000, 0x0000000097f00000| Untracked 
| 112|0x0000000098000000, 0x0000000098000000, 0x0000000098100000|  0%| F|  |TAMS 0x0000000098000000, 0x0000000098000000| Untracked 
| 113|0x0000000098100000, 0x0000000098100000, 0x0000000098200000|  0%| F|  |TAMS 0x0000000098100000, 0x0000000098100000| Untracked 
| 114|0x0000000098200000, 0x0000000098200000, 0x0000000098300000|  0%| F|  |TAMS 0x0000000098200000, 0x0000000098200000| Untracked 
| 115|0x0000000098300000, 0x0000000098300000, 0x0000000098400000|  0%| F|  |TAMS 0x0000000098300000, 0x0000000098300000| Untracked 
| 116|0x0000000098400000, 0x0000000098400000, 0x0000000098500000|  0%| F|  |TAMS 0x0000000098400000, 0x0000000098400000| Untracked 
| 117|0x0000000098500000, 0x0000000098500000, 0x0000000098600000|  0%| F|  |TAMS 0x0000000098500000, 0x0000000098500000| Untracked 
| 118|0x0000000098600000, 0x0000000098600000, 0x0000000098700000|  0%| F|  |TAMS 0x0000000098600000, 0x0000000098600000| Untracked 
| 119|0x0000000098700000, 0x0000000098700000, 0x0000000098800000|  0%| F|  |TAMS 0x0000000098700000, 0x0000000098700000| Untracked 
| 120|0x0000000098800000, 0x0000000098880800, 0x0000000098900000| 50%| E|  |TAMS 0x0000000098800000, 0x0000000098800000| Complete 
| 121|0x0000000098900000, 0x0000000098a00000, 0x0000000098a00000|100%| E|CS|TAMS 0x0000000098900000, 0x0000000098900000| Complete 
| 122|0x0000000098a00000, 0x0000000098b00000, 0x0000000098b00000|100%| E|CS|TAMS 0x0000000098a00000, 0x0000000098a00000| Complete 
| 123|0x0000000098b00000, 0x0000000098bc7020, 0x0000000098c00000| 77%| S|CS|TAMS 0x0000000098b00000, 0x0000000098b00000| Complete 
| 124|0x0000000098c00000, 0x0000000098d00000, 0x0000000098d00000|100%| E|CS|TAMS 0x0000000098c00000, 0x0000000098c00000| Complete 

Card table byte_map: [0x000002307a0f0000,0x000002307a470000] _byte_map_base: 0x0000023079c68000

Marking Bits (Prev, Next): (CMBitMap*) 0x00000230675c2df0, (CMBitMap*) 0x00000230675c2db0
 Prev Bits: [0x000002307c3b0000, 0x000002307df70000)
 Next Bits: [0x000002307a7f0000, 0x000002307c3b0000)

Polling page: 0x0000023065540000

Metaspace:

Usage:
  Non-class:     55.28 MB used.
      Class:      7.47 MB used.
       Both:     62.76 MB used.

Virtual space:
  Non-class space:       64.00 MB reserved,      55.44 MB ( 87%) committed,  1 nodes.
      Class space:        1.00 GB reserved,       7.62 MB ( <1%) committed,  1 nodes.
             Both:        1.06 GB reserved,      63.06 MB (  6%) committed. 

Chunk freelists:
   Non-Class:  7.92 MB
       Class:  8.41 MB
        Both:  16.33 MB

MaxMetaspaceSize: unlimited
CompressedClassSpaceSize: 1.00 GB
Initial GC threshold: 21.00 MB
Current GC threshold: 98.56 MB
CDS: off
MetaspaceReclaimPolicy: balanced
 - commit_granule_bytes: 65536.
 - commit_granule_words: 8192.
 - virtual_space_node_default_size: 8388608.
 - enlarge_chunks_in_place: 1.
 - new_chunks_are_fully_committed: 0.
 - uncommit_free_chunks: 1.
 - use_allocation_guard: 0.
 - handle_deallocations: 1.


Internal statistics:

num_allocs_failed_limit: 9.
num_arena_births: 312.
num_arena_deaths: 0.
num_vsnodes_births: 2.
num_vsnodes_deaths: 0.
num_space_committed: 1007.
num_space_uncommitted: 0.
num_chunks_returned_to_freelist: 9.
num_chunks_taken_from_freelist: 2361.
num_chunk_merges: 9.
num_chunk_splits: 1892.
num_chunks_enlarged: 1652.
num_inconsistent_stats: 0.

CodeHeap 'non-profiled nmethods': size=120000Kb used=4174Kb max_used=4174Kb free=115825Kb
 bounds [0x0000023072510000, 0x0000023072930000, 0x0000023079a40000]
CodeHeap 'profiled nmethods': size=120000Kb used=21016Kb max_used=21016Kb free=98983Kb
 bounds [0x000002306aa40000, 0x000002306bed0000, 0x0000023071f70000]
CodeHeap 'non-nmethods': size=5760Kb used=1300Kb max_used=1373Kb free=4459Kb
 bounds [0x0000023071f70000, 0x00000230721e0000, 0x0000023072510000]
 total_blobs=8493 nmethods=7883 adapters=520
 compilation: enabled
              stopped_count=0, restarted_count=0
 full_count=0

Compilation events (20 events):
Event: 15.902 Thread 0x000002300503de80 8794       3       org.jetbrains.kotlin.resolve.calls.inference.components.VariableFixationFinder::findTypeVariableForFixation (340 bytes)
Event: 15.906 Thread 0x000002300503de80 nmethod 8794 0x000002306be96810 code [0x000002306be96d00, 0x000002306be99488]
Event: 15.908 Thread 0x000002300503de80 8795       3       org.jetbrains.kotlin.resolve.calls.inference.components.ConstraintSystemCompletionContext::findPostponedArgumentWithFixedInputTypes (150 bytes)
Event: 15.909 Thread 0x000002300503de80 nmethod 8795 0x000002306be9a310 code [0x000002306be9a5c0, 0x000002306be9b688]
Event: 15.909 Thread 0x000002300503de80 8796       3       org.jetbrains.kotlin.resolve.calls.inference.components.KotlinConstraintSystemCompleter::getOrderedAllTypeVariables (184 bytes)
Event: 15.912 Thread 0x000002300503de80 nmethod 8796 0x000002306be9ba90 code [0x000002306be9bea0, 0x000002306be9d768]
Event: 15.920 Thread 0x000002300503de80 8797       3       org.jetbrains.kotlin.resolve.calls.model.ResolvedCallAtom::<init> (6 bytes)
Event: 15.921 Thread 0x000002300503de80 nmethod 8797 0x000002306be9e010 code [0x000002306be9e1c0, 0x000002306be9e3f8]
Event: 15.921 Thread 0x000002300503de80 8798       3       org.jetbrains.kotlin.resolve.calls.components.candidate.ResolutionCandidate::<init> (5 bytes)
Event: 15.921 Thread 0x000002300503de80 nmethod 8798 0x000002306be9e510 code [0x000002306be9e6e0, 0x000002306be9ec18]
Event: 15.921 Thread 0x000002300503de80 8799       3       org.jetbrains.kotlin.resolve.calls.components.candidate.ResolutionCandidate::<init> (34 bytes)
Event: 15.922 Thread 0x000002300503de80 nmethod 8799 0x000002306be9ed90 code [0x000002306be9ef60, 0x000002306be9f438]
Event: 15.922 Thread 0x000002300503de80 8801       3       org.jetbrains.kotlin.resolve.calls.inference.model.NewConstraintSystemImpl::asCapturedType (18 bytes)
Event: 15.923 Thread 0x000002300503de80 nmethod 8801 0x000002306be9f590 code [0x000002306be9f7a0, 0x000002306be9fe08]
Event: 15.923 Thread 0x000002300503de80 8802       3       org.jetbrains.kotlin.resolve.calls.inference.model.NewConstraintSystemImpl::isMarkedNullable (18 bytes)
Event: 15.924 Thread 0x000002300503de80 nmethod 8802 0x000002306bea0090 code [0x000002306bea02a0, 0x000002306bea0908]
Event: 15.924 Thread 0x000002300503de80 8800       1       org.jetbrains.kotlin.resolve.calls.model.KotlinCallComponents::getSamConversionOracle (5 bytes)
Event: 15.924 Thread 0x000002300503de80 nmethod 8800 0x0000023072922910 code [0x0000023072922aa0, 0x0000023072922b78]
Event: 15.924 Thread 0x000002300503de80 8803       1       org.jetbrains.kotlin.resolve.calls.tower.ExpressionKotlinCallArgumentImpl::isSafeCall (2 bytes)
Event: 15.924 Thread 0x000002300503de80 nmethod 8803 0x0000023072922c10 code [0x0000023072922da0, 0x0000023072922e78]

GC Heap History (20 events):
Event: 5.747 GC heap before
{Heap before GC invocations=12 (full 0):
 garbage-first heap   total 53248K, used 22672K [0x0000000091000000, 0x0000000100000000)
  region size 1024K, 4 young (4096K), 3 survivors (3072K)
 Metaspace       used 39673K, committed 39936K, reserved 1114112K
  class space    used 4949K, committed 5056K, reserved 1048576K
}
Event: 5.751 GC heap after
{Heap after GC invocations=13 (full 0):
 garbage-first heap   total 53248K, used 22424K [0x0000000091000000, 0x0000000100000000)
  region size 1024K, 1 young (1024K), 1 survivors (1024K)
 Metaspace       used 39673K, committed 39936K, reserved 1114112K
  class space    used 4949K, committed 5056K, reserved 1048576K
}
Event: 6.129 GC heap before
{Heap before GC invocations=13 (full 0):
 garbage-first heap   total 53248K, used 37784K [0x0000000091000000, 0x0000000100000000)
  region size 1024K, 17 young (17408K), 1 survivors (1024K)
 Metaspace       used 43525K, committed 43840K, reserved 1114112K
  class space    used 5374K, committed 5504K, reserved 1048576K
}
Event: 6.134 GC heap after
{Heap after GC invocations=14 (full 0):
 garbage-first heap   total 53248K, used 23167K [0x0000000091000000, 0x0000000100000000)
  region size 1024K, 2 young (2048K), 2 survivors (2048K)
 Metaspace       used 43525K, committed 43840K, reserved 1114112K
  class space    used 5374K, committed 5504K, reserved 1048576K
}
Event: 7.100 GC heap before
{Heap before GC invocations=14 (full 0):
 garbage-first heap   total 53248K, used 40575K [0x0000000091000000, 0x0000000100000000)
  region size 1024K, 18 young (18432K), 2 survivors (2048K)
 Metaspace       used 47161K, committed 47360K, reserved 1114112K
  class space    used 5782K, committed 5888K, reserved 1048576K
}
Event: 7.113 GC heap after
{Heap after GC invocations=15 (full 0):
 garbage-first heap   total 106496K, used 27487K [0x0000000091000000, 0x0000000100000000)
  region size 1024K, 3 young (3072K), 3 survivors (3072K)
 Metaspace       used 47161K, committed 47360K, reserved 1114112K
  class space    used 5782K, committed 5888K, reserved 1048576K
}
Event: 8.243 GC heap before
{Heap before GC invocations=15 (full 0):
 garbage-first heap   total 106496K, used 78687K [0x0000000091000000, 0x0000000100000000)
  region size 1024K, 52 young (53248K), 3 survivors (3072K)
 Metaspace       used 49402K, committed 49664K, reserved 1114112K
  class space    used 5980K, committed 6080K, reserved 1048576K
}
Event: 8.268 GC heap after
{Heap after GC invocations=16 (full 0):
 garbage-first heap   total 106496K, used 33323K [0x0000000091000000, 0x0000000100000000)
  region size 1024K, 7 young (7168K), 7 survivors (7168K)
 Metaspace       used 49402K, committed 49664K, reserved 1114112K
  class space    used 5980K, committed 6080K, reserved 1048576K
}
Event: 10.184 GC heap before
{Heap before GC invocations=16 (full 0):
 garbage-first heap   total 106496K, used 78379K [0x0000000091000000, 0x0000000100000000)
  region size 1024K, 51 young (52224K), 7 survivors (7168K)
 Metaspace       used 56446K, committed 56640K, reserved 1114112K
  class space    used 6815K, committed 6912K, reserved 1048576K
}
Event: 10.226 GC heap after
{Heap after GC invocations=17 (full 0):
 garbage-first heap   total 106496K, used 41389K [0x0000000091000000, 0x0000000100000000)
  region size 1024K, 7 young (7168K), 7 survivors (7168K)
 Metaspace       used 56446K, committed 56640K, reserved 1114112K
  class space    used 6815K, committed 6912K, reserved 1048576K
}
Event: 12.329 GC heap before
{Heap before GC invocations=17 (full 0):
 garbage-first heap   total 106496K, used 79277K [0x0000000091000000, 0x0000000100000000)
  region size 1024K, 44 young (45056K), 7 survivors (7168K)
 Metaspace       used 59611K, committed 59840K, reserved 1114112K
  class space    used 7106K, committed 7232K, reserved 1048576K
}
Event: 12.371 GC heap after
{Heap after GC invocations=18 (full 0):
 garbage-first heap   total 106496K, used 48640K [0x0000000091000000, 0x0000000100000000)
  region size 1024K, 6 young (6144K), 6 survivors (6144K)
 Metaspace       used 59611K, committed 59840K, reserved 1114112K
  class space    used 7106K, committed 7232K, reserved 1048576K
}
Event: 13.388 GC heap before
{Heap before GC invocations=18 (full 0):
 garbage-first heap   total 106496K, used 80384K [0x0000000091000000, 0x0000000100000000)
  region size 1024K, 37 young (37888K), 6 survivors (6144K)
 Metaspace       used 59978K, committed 60224K, reserved 1114112K
  class space    used 7122K, committed 7232K, reserved 1048576K
}
Event: 13.429 GC heap after
{Heap after GC invocations=19 (full 0):
 garbage-first heap   total 128000K, used 54784K [0x0000000091000000, 0x0000000100000000)
  region size 1024K, 5 young (5120K), 5 survivors (5120K)
 Metaspace       used 59978K, committed 60224K, reserved 1114112K
  class space    used 7122K, committed 7232K, reserved 1048576K
}
Event: 13.599 GC heap before
{Heap before GC invocations=19 (full 0):
 garbage-first heap   total 128000K, used 59904K [0x0000000091000000, 0x0000000100000000)
  region size 1024K, 11 young (11264K), 5 survivors (5120K)
 Metaspace       used 60179K, committed 60416K, reserved 1114112K
  class space    used 7148K, committed 7232K, reserved 1048576K
}
Event: 13.616 GC heap after
{Heap after GC invocations=20 (full 0):
 garbage-first heap   total 128000K, used 56903K [0x0000000091000000, 0x0000000100000000)
  region size 1024K, 2 young (2048K), 2 survivors (2048K)
 Metaspace       used 60179K, committed 60416K, reserved 1114112K
  class space    used 7148K, committed 7232K, reserved 1048576K
}
Event: 15.620 GC heap before
{Heap before GC invocations=21 (full 0):
 garbage-first heap   total 128000K, used 96839K [0x0000000091000000, 0x0000000100000000)
  region size 1024K, 41 young (41984K), 2 survivors (2048K)
 Metaspace       used 64049K, committed 64320K, reserved 1114112K
  class space    used 7648K, committed 7808K, reserved 1048576K
}
Event: 15.634 GC heap after
{Heap after GC invocations=22 (full 0):
 garbage-first heap   total 128000K, used 60031K [0x0000000091000000, 0x0000000100000000)
  region size 1024K, 5 young (5120K), 5 survivors (5120K)
 Metaspace       used 64049K, committed 64320K, reserved 1114112K
  class space    used 7648K, committed 7808K, reserved 1048576K
}
Event: 15.673 GC heap before
{Heap before GC invocations=22 (full 0):
 garbage-first heap   total 128000K, used 61055K [0x0000000091000000, 0x0000000100000000)
  region size 1024K, 6 young (6144K), 5 survivors (5120K)
 Metaspace       used 64064K, committed 64384K, reserved 1114112K
  class space    used 7648K, committed 7808K, reserved 1048576K
}
Event: 15.690 GC heap after
{Heap after GC invocations=23 (full 0):
 garbage-first heap   total 128000K, used 60081K [0x0000000091000000, 0x0000000100000000)
  region size 1024K, 1 young (1024K), 1 survivors (1024K)
 Metaspace       used 64064K, committed 64384K, reserved 1114112K
  class space    used 7648K, committed 7808K, reserved 1048576K
}

Dll operation events (2 events):
Event: 0.013 Loaded shared library C:\Program Files\Android\Android Studio\jbr\bin\java.dll
Event: 2.984 Loaded shared library C:\Program Files\Android\Android Studio\jbr\bin\verify.dll

Deoptimization events (20 events):
Event: 15.793 Thread 0x000002306756d540 DEOPT PACKING pc=0x00000230728ffae0 sp=0x000000b1c18f9500
Event: 15.793 Thread 0x000002306756d540 DEOPT UNPACKING pc=0x0000023071fc69a3 sp=0x000000b1c18f9468 mode 2
Event: 15.804 Thread 0x000002306756d540 Uncommon trap: trap_request=0xffffffbe fr.pc=0x00000230728cde1c relative=0x000000000000709c
Event: 15.804 Thread 0x000002306756d540 Uncommon trap: reason=profile_predicate action=maybe_recompile pc=0x00000230728cde1c method=org.jetbrains.kotlin.load.java.structure.impl.classFiles.ClassifierResolutionContext.addTypeParameters$resolution_common_jvm(Ljava/util/Collection;)V @ 50 c2
Event: 15.804 Thread 0x000002306756d540 DEOPT PACKING pc=0x00000230728cde1c sp=0x000000b1c18f8b90
Event: 15.804 Thread 0x000002306756d540 DEOPT UNPACKING pc=0x0000023071fc69a3 sp=0x000000b1c18f8a50 mode 2
Event: 15.804 Thread 0x000002306756d540 Uncommon trap: trap_request=0xffffffbe fr.pc=0x00000230728cde1c relative=0x000000000000709c
Event: 15.804 Thread 0x000002306756d540 Uncommon trap: reason=profile_predicate action=maybe_recompile pc=0x00000230728cde1c method=org.jetbrains.kotlin.load.java.structure.impl.classFiles.ClassifierResolutionContext.addTypeParameters$resolution_common_jvm(Ljava/util/Collection;)V @ 50 c2
Event: 15.804 Thread 0x000002306756d540 DEOPT PACKING pc=0x00000230728cde1c sp=0x000000b1c18f8b90
Event: 15.804 Thread 0x000002306756d540 DEOPT UNPACKING pc=0x0000023071fc69a3 sp=0x000000b1c18f8a50 mode 2
Event: 15.804 Thread 0x000002306756d540 Uncommon trap: trap_request=0xffffffbe fr.pc=0x00000230728cde1c relative=0x000000000000709c
Event: 15.804 Thread 0x000002306756d540 Uncommon trap: reason=profile_predicate action=maybe_recompile pc=0x00000230728cde1c method=org.jetbrains.kotlin.load.java.structure.impl.classFiles.ClassifierResolutionContext.addTypeParameters$resolution_common_jvm(Ljava/util/Collection;)V @ 50 c2
Event: 15.804 Thread 0x000002306756d540 DEOPT PACKING pc=0x00000230728cde1c sp=0x000000b1c18f8b90
Event: 15.805 Thread 0x000002306756d540 DEOPT UNPACKING pc=0x0000023071fc69a3 sp=0x000000b1c18f8a50 mode 2
Event: 15.805 Thread 0x000002306756d540 Uncommon trap: trap_request=0xffffffbe fr.pc=0x00000230728cde1c relative=0x000000000000709c
Event: 15.805 Thread 0x000002306756d540 Uncommon trap: reason=profile_predicate action=maybe_recompile pc=0x00000230728cde1c method=org.jetbrains.kotlin.load.java.structure.impl.classFiles.ClassifierResolutionContext.addTypeParameters$resolution_common_jvm(Ljava/util/Collection;)V @ 50 c2
Event: 15.805 Thread 0x000002306756d540 DEOPT PACKING pc=0x00000230728cde1c sp=0x000000b1c18f8b90
Event: 15.805 Thread 0x000002306756d540 DEOPT UNPACKING pc=0x0000023071fc69a3 sp=0x000000b1c18f8a50 mode 2
Event: 15.811 Thread 0x000002306756d540 DEOPT PACKING pc=0x000002306b3fb82c sp=0x000000b1c18f7880
Event: 15.812 Thread 0x000002306756d540 DEOPT UNPACKING pc=0x0000023071fc7143 sp=0x000000b1c18f6e00 mode 0

Classes unloaded (0 events):
No events

Classes redefined (0 events):
No events

Internal exceptions (20 events):
Event: 8.949 Thread 0x000002306756d540 Implicit null exception at 0x000002307267b1ae to 0x000002307267b59c
Event: 8.985 Thread 0x000002306756d540 Implicit null exception at 0x0000023072640ccc to 0x0000023072640da8
Event: 9.625 Thread 0x000002306756d540 Exception <a 'java/lang/NoSuchMethodError'{0x00000000957d96a8}: 'java.lang.Object java.lang.invoke.DirectMethodHandle$Holder.invokeStatic(java.lang.Object, java.lang.Object, java.lang.Object, java.lang.Object, int)'> (0x00000000957d96a8) 
thrown [s\src\hotspot\share\interpreter\linkResolver.cpp, line 771]
Event: 9.626 Thread 0x000002306756d540 Exception <a 'java/lang/NoSuchMethodError'{0x00000000957e2ff0}: 'java.lang.Object java.lang.invoke.DirectMethodHandle$Holder.newInvokeSpecial(java.lang.Object, java.lang.Object, java.lang.Object, java.lang.Object, int)'> (0x00000000957e2ff0) 
thrown [s\src\hotspot\share\interpreter\linkResolver.cpp, line 771]
Event: 9.628 Thread 0x000002306756d540 Exception <a 'java/lang/NoSuchMethodError'{0x00000000957eaf10}: 'java.lang.Object java.lang.invoke.Invokers$Holder.linkToTargetMethod(java.lang.Object, java.lang.Object, java.lang.Object, int, java.lang.Object)'> (0x00000000957eaf10) 
thrown [s\src\hotspot\share\interpreter\linkResolver.cpp, line 771]
Event: 9.715 Thread 0x000002306756d540 Implicit null exception at 0x0000023072678f6a to 0x0000023072679138
Event: 9.758 Thread 0x000002306756d540 Implicit null exception at 0x000002307255ddec to 0x000002307255dfc0
Event: 11.198 Thread 0x000002306756d540 Exception <a 'java/lang/NoSuchMethodError'{0x00000000969838f0}: 'java.lang.Object java.lang.invoke.DirectMethodHandle$Holder.invokeStaticInit(java.lang.Object, java.lang.Object, java.lang.Object)'> (0x00000000969838f0) 
thrown [s\src\hotspot\share\interpreter\linkResolver.cpp, line 771]
Event: 11.860 Thread 0x000002306756d540 Exception <a 'java/lang/NoSuchMethodError'{0x0000000095db1678}: 'int java.lang.invoke.DirectMethodHandle$Holder.invokeStaticInit(java.lang.Object, int)'> (0x0000000095db1678) 
thrown [s\src\hotspot\share\interpreter\linkResolver.cpp, line 771]
Event: 12.781 Thread 0x000002306756d540 Exception <a 'java/lang/NoSuchMethodError'{0x0000000096cb4a80}: 'java.lang.Object java.lang.invoke.DirectMethodHandle$Holder.invokeStatic(java.lang.Object, int, java.lang.Object, java.lang.Object)'> (0x0000000096cb4a80) 
thrown [s\src\hotspot\share\interpreter\linkResolver.cpp, line 771]
Event: 12.783 Thread 0x000002306756d540 Exception <a 'java/lang/NoSuchMethodError'{0x0000000096cbccd8}: 'java.lang.Object java.lang.invoke.DirectMethodHandle$Holder.newInvokeSpecial(java.lang.Object, int, java.lang.Object)'> (0x0000000096cbccd8) 
thrown [s\src\hotspot\share\interpreter\linkResolver.cpp, line 771]
Event: 12.784 Thread 0x000002306756d540 Exception <a 'java/lang/NoSuchMethodError'{0x0000000096cc32b8}: 'int java.lang.invoke.DirectMethodHandle$Holder.invokeInterface(java.lang.Object, java.lang.Object)'> (0x0000000096cc32b8) 
thrown [s\src\hotspot\share\interpreter\linkResolver.cpp, line 771]
Event: 13.530 Thread 0x000002306756d540 Exception <a 'java/lang/NoSuchMethodError'{0x000000009880b6e0}: 'java.lang.Object java.lang.invoke.DirectMethodHandle$Holder.invokeStatic(java.lang.Object, int, java.lang.Object)'> (0x000000009880b6e0) 
thrown [s\src\hotspot\share\interpreter\linkResolver.cpp, line 771]
Event: 13.999 Thread 0x000002306756d540 Exception <a 'java/lang/NoSuchMethodError'{0x0000000097ec0e78}: 'void java.lang.invoke.DirectMethodHandle$Holder.invokeSpecial(java.lang.Object, java.lang.Object, int, java.lang.Object)'> (0x0000000097ec0e78) 
thrown [s\src\hotspot\share\interpreter\linkResolver.cpp, line 771]
Event: 14.147 Thread 0x000002306756d540 Exception <a 'java/lang/NoSuchMethodError'{0x0000000097c9cda0}: 'void java.lang.invoke.DirectMethodHandle$Holder.invokeInterface(java.lang.Object, java.lang.Object)'> (0x0000000097c9cda0) 
thrown [s\src\hotspot\share\interpreter\linkResolver.cpp, line 771]
Event: 14.234 Thread 0x000002306756d540 Exception <a 'java/lang/IncompatibleClassChangeError'{0x0000000097b8ed08}: Found class java.lang.Object, but interface was expected> (0x0000000097b8ed08) 
thrown [s\src\hotspot\share\interpreter\linkResolver.cpp, line 838]
Event: 14.775 Thread 0x000002306756d540 Exception <a 'java/lang/NoSuchMethodError'{0x000000009710bfc0}: 'java.lang.Object java.lang.invoke.DirectMethodHandle$Holder.newInvokeSpecial(java.lang.Object, java.lang.Object, java.lang.Object, java.lang.Object, java.lang.Object, java.lang.Object, java.lang.Object)'> (0x000000009710bfc0) 
thrown [s\src\hotspot\share\interpreter\linkResolver.cpp, line 771]
Event: 14.776 Thread 0x000002306756d540 Exception <a 'java/lang/NoSuchMethodError'{0x0000000097110b78}: 'java.lang.Object java.lang.invoke.Invokers$Holder.linkToTargetMethod(java.lang.Object, java.lang.Object, java.lang.Object, java.lang.Object, java.lang.Object, java.lang.Object, java.lang.Object)'> (0x0000000097110b78) 
thrown [s\src\hotspot\share\interpreter\linkResolver.cpp, line 771]
Event: 14.961 Thread 0x000002306756d540 Exception <a 'java/lang/NoSuchMethodError'{0x0000000096e6f450}: 'java.lang.Object java.lang.invoke.DirectMethodHandle$Holder.invokeInterface(java.lang.Object, java.lang.Object, java.lang.Object)'> (0x0000000096e6f450) 
thrown [s\src\hotspot\share\interpreter\linkResolver.cpp, line 771]
Event: 14.961 Thread 0x000002306756d540 Exception <a 'java/lang/IncompatibleClassChangeError'{0x0000000096e72dc0}: Found class java.lang.Object, but interface was expected> (0x0000000096e72dc0) 
thrown [s\src\hotspot\share\interpreter\linkResolver.cpp, line 838]

VM Operations (20 events):
Event: 14.443 Executing VM operation: ICBufferFull
Event: 14.443 Executing VM operation: ICBufferFull done
Event: 14.665 Executing VM operation: ICBufferFull
Event: 14.671 Executing VM operation: ICBufferFull done
Event: 14.720 Executing VM operation: HandshakeAllThreads
Event: 14.720 Executing VM operation: HandshakeAllThreads done
Event: 14.724 Executing VM operation: HandshakeAllThreads
Event: 14.724 Executing VM operation: HandshakeAllThreads done
Event: 14.891 Executing VM operation: ICBufferFull
Event: 14.892 Executing VM operation: ICBufferFull done
Event: 14.946 Executing VM operation: HandshakeAllThreads
Event: 14.946 Executing VM operation: HandshakeAllThreads done
Event: 15.067 Executing VM operation: ICBufferFull
Event: 15.067 Executing VM operation: ICBufferFull done
Event: 15.387 Executing VM operation: ICBufferFull
Event: 15.388 Executing VM operation: ICBufferFull done
Event: 15.620 Executing VM operation: G1CollectForAllocation
Event: 15.634 Executing VM operation: G1CollectForAllocation done
Event: 15.673 Executing VM operation: G1CollectForAllocation
Event: 15.690 Executing VM operation: G1CollectForAllocation done

Events (20 events):
Event: 14.161 loading class java/util/stream/SpinedBuffer done
Event: 14.161 loading class java/util/stream/Nodes$SpinedNodeBuilder done
Event: 14.306 loading class jdk/internal/math/FloatingDecimal
Event: 14.308 loading class jdk/internal/math/FloatingDecimal done
Event: 14.308 loading class jdk/internal/math/FloatingDecimal$ExceptionalBinaryToASCIIBuffer
Event: 14.308 loading class jdk/internal/math/FloatingDecimal$BinaryToASCIIConverter
Event: 14.308 loading class jdk/internal/math/FloatingDecimal$BinaryToASCIIConverter done
Event: 14.308 loading class jdk/internal/math/FloatingDecimal$ExceptionalBinaryToASCIIBuffer done
Event: 14.308 loading class jdk/internal/math/FloatingDecimal$BinaryToASCIIBuffer
Event: 14.309 loading class jdk/internal/math/FloatingDecimal$BinaryToASCIIBuffer done
Event: 14.309 loading class jdk/internal/math/FloatingDecimal$1
Event: 14.309 loading class jdk/internal/math/FloatingDecimal$1 done
Event: 14.309 loading class jdk/internal/math/FloatingDecimal$PreparedASCIIToBinaryBuffer
Event: 14.309 loading class jdk/internal/math/FloatingDecimal$ASCIIToBinaryConverter
Event: 14.309 loading class jdk/internal/math/FloatingDecimal$ASCIIToBinaryConverter done
Event: 14.309 loading class jdk/internal/math/FloatingDecimal$PreparedASCIIToBinaryBuffer done
Event: 14.309 loading class jdk/internal/math/FDBigInteger
Event: 14.311 loading class jdk/internal/math/FDBigInteger done
Event: 15.122 loading class jdk/internal/math/FloatingDecimal$ASCIIToBinaryBuffer
Event: 15.122 loading class jdk/internal/math/FloatingDecimal$ASCIIToBinaryBuffer done


Dynamic libraries:
0x00007ff66bd00000 - 0x00007ff66bd0a000 	C:\Program Files\Android\Android Studio\jbr\bin\java.exe
0x00007ffc0ca30000 - 0x00007ffc0cc47000 	C:\WINDOWS\SYSTEM32\ntdll.dll
0x00007ffc0bac0000 - 0x00007ffc0bb84000 	C:\WINDOWS\System32\KERNEL32.DLL
0x00007ffc0a110000 - 0x00007ffc0a4b6000 	C:\WINDOWS\System32\KERNELBASE.dll
0x00007ffc09d70000 - 0x00007ffc09e81000 	C:\WINDOWS\System32\ucrtbase.dll
0x00007ffbe35c0000 - 0x00007ffbe35d7000 	C:\Program Files\Android\Android Studio\jbr\bin\jli.dll
0x00007ffbebce0000 - 0x00007ffbebcfb000 	C:\Program Files\Android\Android Studio\jbr\bin\VCRUNTIME140.dll
0x00007ffc0bb90000 - 0x00007ffc0bd3e000 	C:\WINDOWS\System32\USER32.dll
0x00007ffc0a0e0000 - 0x00007ffc0a106000 	C:\WINDOWS\System32\win32u.dll
0x00007ffc0c290000 - 0x00007ffc0c2b9000 	C:\WINDOWS\System32\GDI32.dll
0x00007ffbef1b0000 - 0x00007ffbef443000 	C:\WINDOWS\WinSxS\amd64_microsoft.windows.common-controls_6595b64144ccf1df_6.0.22621.2506_none_270c5ae97388e100\COMCTL32.dll
0x00007ffc09e90000 - 0x00007ffc09fa8000 	C:\WINDOWS\System32\gdi32full.dll
0x00007ffc0ad40000 - 0x00007ffc0ade7000 	C:\WINDOWS\System32\msvcrt.dll
0x00007ffc0a6b0000 - 0x00007ffc0a74a000 	C:\WINDOWS\System32\msvcp_win.dll
0x00007ffc0c0a0000 - 0x00007ffc0c0d1000 	C:\WINDOWS\System32\IMM32.DLL
0x00007ffbf7350000 - 0x00007ffbf735c000 	C:\Program Files\Android\Android Studio\jbr\bin\vcruntime140_1.dll
0x00007ffbc8b70000 - 0x00007ffbc8bfd000 	C:\Program Files\Android\Android Studio\jbr\bin\msvcp140.dll
0x00007ffb28690000 - 0x00007ffb29310000 	C:\Program Files\Android\Android Studio\jbr\bin\server\jvm.dll
0x00007ffc0c1d0000 - 0x00007ffc0c283000 	C:\WINDOWS\System32\ADVAPI32.dll
0x00007ffc0c820000 - 0x00007ffc0c8c8000 	C:\WINDOWS\System32\sechost.dll
0x00007ffc0a750000 - 0x00007ffc0a778000 	C:\WINDOWS\System32\bcrypt.dll
0x00007ffc0c8d0000 - 0x00007ffc0c9e7000 	C:\WINDOWS\System32\RPCRT4.dll
0x00007ffc04fe0000 - 0x00007ffc04fe9000 	C:\WINDOWS\SYSTEM32\WSOCK32.dll
0x00007ffc06bf0000 - 0x00007ffc06c24000 	C:\WINDOWS\SYSTEM32\WINMM.dll
0x00007ffc026e0000 - 0x00007ffc026ea000 	C:\WINDOWS\SYSTEM32\VERSION.dll
0x00007ffc0c320000 - 0x00007ffc0c391000 	C:\WINDOWS\System32\WS2_32.dll
0x00007ffc08db0000 - 0x00007ffc08dc8000 	C:\WINDOWS\SYSTEM32\kernel.appcore.dll
0x00007ffc04f60000 - 0x00007ffc04f6a000 	C:\Program Files\Android\Android Studio\jbr\bin\jimage.dll
0x00007ffc07490000 - 0x00007ffc076c3000 	C:\WINDOWS\SYSTEM32\DBGHELP.DLL
0x00007ffc0a780000 - 0x00007ffc0ab09000 	C:\WINDOWS\System32\combase.dll
0x00007ffc0aef0000 - 0x00007ffc0afc7000 	C:\WINDOWS\System32\OLEAUT32.dll
0x00007ffc02be0000 - 0x00007ffc02c12000 	C:\WINDOWS\SYSTEM32\dbgcore.DLL
0x00007ffc0a4c0000 - 0x00007ffc0a53a000 	C:\WINDOWS\System32\bcryptPrimitives.dll
0x00007ffbda6d0000 - 0x00007ffbda6f5000 	C:\Program Files\Android\Android Studio\jbr\bin\java.dll
0x00007ffbe6810000 - 0x00007ffbe6828000 	C:\Program Files\Android\Android Studio\jbr\bin\zip.dll
0x00007ffc0b250000 - 0x00007ffc0baab000 	C:\WINDOWS\System32\SHELL32.dll
0x00007ffc07cd0000 - 0x00007ffc085c6000 	C:\WINDOWS\SYSTEM32\windows.storage.dll
0x00007ffc07b90000 - 0x00007ffc07cce000 	C:\WINDOWS\SYSTEM32\wintypes.dll
0x00007ffc0afd0000 - 0x00007ffc0b0c3000 	C:\WINDOWS\System32\SHCORE.dll
0x00007ffc0ace0000 - 0x00007ffc0ad3e000 	C:\WINDOWS\System32\shlwapi.dll
0x00007ffc09ca0000 - 0x00007ffc09cc6000 	C:\WINDOWS\SYSTEM32\profapi.dll
0x00007ffbe56d0000 - 0x00007ffbe56e9000 	C:\Program Files\Android\Android Studio\jbr\bin\net.dll
0x00007ffc05100000 - 0x00007ffc05237000 	C:\WINDOWS\SYSTEM32\WINHTTP.dll
0x00007ffc09230000 - 0x00007ffc09299000 	C:\WINDOWS\system32\mswsock.dll
0x00007ffbe42f0000 - 0x00007ffbe4306000 	C:\Program Files\Android\Android Studio\jbr\bin\nio.dll
0x00007ffc03370000 - 0x00007ffc03380000 	C:\Program Files\Android\Android Studio\jbr\bin\verify.dll

dbghelp: loaded successfully - version: 4.0.5 - missing functions: none
symbol engine: initialized successfully - sym options: 0x614 - pdb path: .;C:\Program Files\Android\Android Studio\jbr\bin;C:\WINDOWS\SYSTEM32;C:\WINDOWS\WinSxS\amd64_microsoft.windows.common-controls_6595b64144ccf1df_6.0.22621.2506_none_270c5ae97388e100;C:\Program Files\Android\Android Studio\jbr\bin\server

VM Arguments:
java_command: org.jetbrains.kotlin.cli.jvm.K2JVMCompiler @C:\Users\murat\AndroidStudioProjects\LunarGaze\app\build\20240310_4706065359770245821.compiler.options
java_class_path (initial): C:\Users\murat\.gradle\caches\modules-2\files-2.1\org.jetbrains.kotlin\kotlin-compiler-embeddable\1.9.0\2c8c3a7402becca891f12739b3e9fd2dc2adbd7a\kotlin-compiler-embeddable-1.9.0.jar;C:\Users\murat\.gradle\caches\modules-2\files-2.1\org.jetbrains.kotlin\kotlin-stdlib\1.9.0\8ee15ef0c67dc83d874f412d84378d7f0eb50b63\kotlin-stdlib-1.9.0.jar;C:\Users\murat\.gradle\caches\modules-2\files-2.1\org.jetbrains.kotlin\kotlin-script-runtime\1.9.0\4b3102cbbb7e1b58d9d1adf89563f00069ffa7d1\kotlin-script-runtime-1.9.0.jar;C:\Users\murat\.gradle\caches\modules-2\files-2.1\org.jetbrains.kotlin\kotlin-reflect\1.6.10\1cbe9c92c12a94eea200d23c2bbaedaf3daf5132\kotlin-reflect-1.6.10.jar;C:\Users\murat\.gradle\caches\modules-2\files-2.1\org.jetbrains.kotlin\kotlin-daemon-embeddable\1.9.0\186543f5e28cf8d9a0290fecc2cf34301c40a65c\kotlin-daemon-embeddable-1.9.0.jar;C:\Users\murat\.gradle\caches\modules-2\files-2.1\org.jetbrains.intellij.deps\trove4j\1.0.20200330\3afb14d5f9ceb459d724e907a21145e8ff394f02\trove4j-1.0.20200330.jar;C:\Users\murat\.gradle\caches\modules-2\files-2.1\org.jetbrains.kotlin\kotlin-stdlib-common\1.9.0\cd65c21cfd1eec4d44ef09f9f52b6d9f8a720636\kotlin-stdlib-common-1.9.0.jar;C:\Users\murat\.gradle\caches\modules-2\files-2.1\org.jetbrains\annotations\13.0\919f0dfe192fb4e063e7dacadee7f8bb9a2672a9\annotations-13.0.jar
Launcher Type: SUN_STANDARD

[Global flags]
     intx CICompilerCount                          = 4                                         {product} {ergonomic}
     uint ConcGCThreads                            = 2                                         {product} {ergonomic}
     uint G1ConcRefinementThreads                  = 8                                         {product} {ergonomic}
   size_t G1HeapRegionSize                         = 1048576                                   {product} {ergonomic}
    uintx GCDrainStackTargetSize                   = 64                                        {product} {ergonomic}
   size_t InitialHeapSize                          = 117440512                                 {product} {ergonomic}
   size_t MarkStackSize                            = 4194304                                   {product} {ergonomic}
   size_t MaxHeapSize                              = 1862270976                                {product} {ergonomic}
   size_t MaxNewSize                               = 1116733440                                {product} {ergonomic}
   size_t MinHeapDeltaBytes                        = 1048576                                   {product} {ergonomic}
   size_t MinHeapSize                              = 8388608                                   {product} {ergonomic}
    uintx NonNMethodCodeHeapSize                   = 5839372                                {pd product} {ergonomic}
    uintx NonProfiledCodeHeapSize                  = 122909434                              {pd product} {ergonomic}
    uintx ProfiledCodeHeapSize                     = 122909434                              {pd product} {ergonomic}
    uintx ReservedCodeCacheSize                    = 251658240                              {pd product} {ergonomic}
     bool SegmentedCodeCache                       = true                                      {product} {ergonomic}
   size_t SoftMaxHeapSize                          = 1862270976                             {manageable} {ergonomic}
     bool UseCompressedClassPointers               = true                           {product lp64_product} {ergonomic}
     bool UseCompressedOops                        = true                           {product lp64_product} {ergonomic}
     bool UseG1GC                                  = true                                      {product} {ergonomic}
     bool UseLargePagesIndividualAllocation        = false                                  {pd product} {ergonomic}

Logging:
Log output configuration:
 #0: stdout all=warning uptime,level,tags
 #1: stderr all=off uptime,level,tags

Environment Variables:
PATH=C:\Program Files\Common Files\Oracle\Java\javapath;C:\Program Files (x86)\Common Files\Oracle\Java\javapath;C:\WINDOWS\system32;C:\WINDOWS;C:\WINDOWS\System32\Wbem;C:\WINDOWS\System32\WindowsPowerShell\v1.0\;C:\WINDOWS\System32\OpenSSH\;C:\Program Files\Git\cmd;C:\Program Files\nodejs\;C:\Users\murat\AppData\Local\Android\Sdk;C:\Users\murat\AppData\Local\Android\Sdk\platform-tools;C:\Users\murat\AppData\Local\Microsoft\WindowsApps;C:\Users\murat\WebStorm 2023.3.2\bin;;C:\Users\murat\AppData\Roaming\npm;C:\Users\murat\AppData\Local\Programs\Microsoft VS Code\bin;C:\Users\murat\AppData\Local\Android\Sdk;C:\Users\murat\AppData\Local\Android\Sdk\platform-tools;
USERNAME=murat
OS=Windows_NT
PROCESSOR_IDENTIFIER=AMD64 Family 23 Model 24 Stepping 1, AuthenticAMD
TMP=C:\Users\murat\AppData\Local\Temp
TEMP=C:\Users\murat\AppData\Local\Temp


JNI global refs:
JNI global refs: 13, weak refs: 14

JNI global refs memory usage: 843, weak refs: 841

OOME stack traces (most recent first):
Classloader memory used:
Loader jdk.internal.loader.ClassLoaders$AppClassLoader                                 : 6636K
Loader bootstrap                                                                       : 1364K
Loader jdk.internal.reflect.DelegatingClassLoader                                      : 20432B
Loader java.net.URLClassLoader                                                         : 13287B
Loader jdk.internal.loader.ClassLoaders$PlatformClassLoader                            : 2276B


---------------  S Y S T E M  ---------------

OS:
 Windows 11 , 64 bit Build 22621 (10.0.22621.3085)
OS uptime: 19 days 12:06 hours

CPU: total 8 (initial active 8) (8 cores per cpu, 2 threads per core) family 23 model 24 stepping 1 microcode 0x0, cx8, cmov, fxsr, ht, mmx, 3dnowpref, sse, sse2, sse3, ssse3, sse4a, sse4.1, sse4.2, popcnt, lzcnt, tsc, tscinvbit, avx, avx2, aes, clmul, bmi1, bmi2, adx, sha, fma, vzeroupper, clflush, clflushopt

Memory: 4k page, system-wide physical 7103M (324M free)
TotalPageFile size 25389M (AvailPageFile size 10M)
current process WorkingSet (physical memory assigned to process): 314M, peak: 319M
current process commit charge ("private bytes"): 375M, peak: 381M

vm_info: OpenJDK 64-Bit Server VM (17.0.7+0-b2043.56-10550314) for windows-amd64 JRE (17.0.7+0-b2043.56-10550314), built on Jul 24 2023 18:27:45 by "androidbuild" with MS VC++ 16.10 / 16.11 (VS2019)

END.
